<?xml version="1.0" encoding="UTF-8"?>
<!-- Generated by org.testng.reporters.JUnitXMLReporter -->
<testsuite ignored="1" hostname="LAPTOP-601SF9JR" failures="0" tests="15" name="Default test" time="22.435" errors="0" timestamp="2026-03-24T15:12:14 IST">
  <testcase classname="api.test.DDTests" name="testDeleteUserByNames" time="4.639"/>
  <testcase classname="api.test.DDTests" name="testDeleteUserByNames" time="1.135"/>
  <testcase classname="api.test.DDTests" name="testDeleteUserByNames" time="1.114"/>
  <testcase classname="api.test.DDTests" name="testDeleteUserByNames" time="1.112"/>
  <testcase classname="api.test.DDTests" name="testDeleteUserByNames" time="1.138"/>
  <testcase classname="api.test.DDTests" name="testDeleteUserByNames" time="1.131"/>
  <testcase classname="api.test.DDTests" name="testDeleteUserByNames" time="1.15"/>
  <testcase classname="api.test.DDTests" name="testDeleteUserByNames" time="1.194"/>
  <testcase classname="api.test.DDTests" name="testDeleteUserByNames" time="1.168"/>
  <testcase classname="api.test.DDTests" name="testDeleteUserByNames" time="1.139"/>
  <testcase classname="api.test.DDTests" name="testDeleteUserByNames" time="1.168"/>
  <testcase classname="api.test.DDTests" name="testDeleteUserByNames" time="1.103"/>
  <testcase classname="api.test.DDTests" name="testDeleteUserByNames" time="1.13"/>
  <testcase classname="api.test.DDTests" name="testDeleteUserByNames" time="1.117"/>
  <testcase classname="api.test.DDTests" name="testDeleteUserByNames" time="1.077"/>
  <testcase classname="api.test.DDTests" name="testPostUser" time="0.0">
    <ignored/>
  </testcase> <!-- testPostUser -->
</testsuite> <!-- Default test -->
