<?xml version="1.0" encoding="UTF-8"?>
<!-- Generated by org.testng.reporters.JUnitXMLReporter -->
<testsuite ignored="0" hostname="LAPTOP-601SF9JR" failures="0" tests="4" name="Test" time="42.271" errors="0" timestamp="2026-03-24T17:02:09 IST">
  <testcase classname="api.test.UserTests2" name="testPostUser" time="21.45"/>
  <testcase classname="api.test.UserTests2" name="testGetUser" time="1.984"/>
  <testcase classname="api.test.UserTests2" name="testUpdateUser" time="12.965"/>
  <testcase classname="api.test.UserTests2" name="testDeleteUser" time="3.69"/>
</testsuite> <!-- Test -->
