<?xml version="1.0" encoding="UTF-8"?>
<testng-results ignored="0" total="4" passed="4" failed="0" skipped="0">
  <reporter-output>
  </reporter-output>
  <suite started-at="2026-03-24T17:48:34 IST" name="Suite" finished-at="2026-03-24T17:48:48 IST" duration-ms="14154">
    <groups>
    </groups>
    <test started-at="2026-03-24T17:48:34 IST" name="Test" finished-at="2026-03-24T17:48:48 IST" duration-ms="14154">
      <class name="api.test.UserTests">
        <test-method is-config="true" signature="setupData()[pri:0, instance:api.test.UserTests@7fa98a66]" started-at="2026-03-24T17:48:35 IST" name="setupData" finished-at="2026-03-24T17:48:36 IST" duration-ms="1374" status="PASS">
          <reporter-output>
          </reporter-output>
        </test-method> <!-- setupData -->
        <test-method signature="testPostUser()[pri:1, instance:api.test.UserTests@7fa98a66]" started-at="2026-03-24T17:48:36 IST" name="testPostUser" finished-at="2026-03-24T17:48:43 IST" duration-ms="7059" status="PASS">
          <reporter-output>
          </reporter-output>
        </test-method> <!-- testPostUser -->
        <test-method signature="testGetUser()[pri:2, instance:api.test.UserTests@7fa98a66]" started-at="2026-03-24T17:48:43 IST" name="testGetUser" finished-at="2026-03-24T17:48:44 IST" duration-ms="1228" status="PASS">
          <reporter-output>
          </reporter-output>
        </test-method> <!-- testGetUser -->
        <test-method signature="testUpdateUser()[pri:3, instance:api.test.UserTests@7fa98a66]" started-at="2026-03-24T17:48:44 IST" name="testUpdateUser" finished-at="2026-03-24T17:48:47 IST" duration-ms="2566" status="PASS">
          <reporter-output>
          </reporter-output>
        </test-method> <!-- testUpdateUser -->
        <test-method signature="testDeleteUser()[pri:4, instance:api.test.UserTests@7fa98a66]" started-at="2026-03-24T17:48:47 IST" name="testDeleteUser" finished-at="2026-03-24T17:48:48 IST" duration-ms="1111" status="PASS">
          <reporter-output>
          </reporter-output>
        </test-method> <!-- testDeleteUser -->
      </class> <!-- api.test.UserTests -->
    </test> <!-- Test -->
  </suite> <!-- Suite -->
</testng-results>
