<?xml version="1.0" encoding="UTF-8"?>
<!-- Generated by org.testng.reporters.JUnitReportReporter -->
<testsuite hostname="LAPTOP-601SF9JR" failures="0" tests="15" name="api.test.DDTests" time="20.515" errors="0" timestamp="2026-03-24T15:12:15 IST" skipped="0">
  <testcase classname="api.test.DDTests" name="testDeleteUserByNames" time="1.168"/>
  <testcase classname="api.test.DDTests" name="testDeleteUserByNames" time="4.639"/>
  <testcase classname="api.test.DDTests" name="testDeleteUserByNames" time="1.103"/>
  <testcase classname="api.test.DDTests" name="testDeleteUserByNames" time="1.077"/>
  <testcase classname="api.test.DDTests" name="testDeleteUserByNames" time="1.194"/>
  <testcase classname="api.test.DDTests" name="testDeleteUserByNames" time="1.168"/>
  <testcase classname="api.test.DDTests" name="testDeleteUserByNames" time="1.114"/>
  <testcase classname="api.test.DDTests" name="testDeleteUserByNames" time="1.139"/>
  <testcase classname="api.test.DDTests" name="testDeleteUserByNames" time="1.130"/>
  <testcase classname="api.test.DDTests" name="testDeleteUserByNames" time="1.138"/>
  <testcase classname="api.test.DDTests" name="testDeleteUserByNames" time="1.150"/>
  <testcase classname="api.test.DDTests" name="testDeleteUserByNames" time="1.131"/>
  <testcase classname="api.test.DDTests" name="testDeleteUserByNames" time="1.117"/>
  <testcase classname="api.test.DDTests" name="testDeleteUserByNames" time="1.112"/>
  <testcase classname="api.test.DDTests" name="testDeleteUserByNames" time="1.135"/>
</testsuite> <!-- api.test.DDTests -->
