<?xml version="1.0" encoding="UTF-8"?>
<!-- Generated by org.testng.reporters.JUnitReportReporter -->
<testsuite hostname="LAPTOP-601SF9JR" failures="0" tests="4" name="api.test.UserTests" time="10.498" errors="0" timestamp="2026-03-24T16:10:40 IST" skipped="0">
  <testcase classname="api.test.UserTests" name="testPostUser" time="5.957"/>
  <testcase classname="api.test.UserTests" name="testGetUser" time="1.162"/>
  <testcase classname="api.test.UserTests" name="testUpdateUser" time="2.240"/>
  <testcase classname="api.test.UserTests" name="testDeleteUser" time="1.139"/>
</testsuite> <!-- api.test.UserTests -->
