<?xml version="1.0" encoding="UTF-8"?>
<!-- Generated by org.testng.reporters.JUnitReportReporter -->
<testsuite hostname="LAPTOP-601SF9JR" failures="0" tests="4" name="api.test.UserTests2" time="23.677" errors="0" timestamp="2026-03-24T17:28:53 IST" skipped="0">
  <testcase classname="api.test.UserTests2" name="testPostUser" time="9.096"/>
  <testcase classname="api.test.UserTests2" name="testGetUser" time="2.468"/>
  <testcase classname="api.test.UserTests2" name="testUpdateUser" time="3.502"/>
  <testcase classname="api.test.UserTests2" name="testDeleteUser" time="8.611"/>
</testsuite> <!-- api.test.UserTests2 -->
