<?xml version="1.0" encoding="UTF-8"?>
<!-- Generated by org.testng.reporters.JUnitReportReporter -->
<testsuite hostname="LAPTOP-601SF9JR" failures="0" tests="4" name="api.test.UserTests" time="11.964" errors="0" timestamp="2026-03-24T17:48:49 IST" skipped="0">
  <testcase classname="api.test.UserTests" name="testPostUser" time="7.059"/>
  <testcase classname="api.test.UserTests" name="testGetUser" time="1.228"/>
  <testcase classname="api.test.UserTests" name="testUpdateUser" time="2.566"/>
  <testcase classname="api.test.UserTests" name="testDeleteUser" time="1.111"/>
</testsuite> <!-- api.test.UserTests -->
